#
# There is insufficient memory for the Java Runtime Environment to continue.
# Native memory allocation (malloc) failed to allocate 39056 bytes for Chunk::new
# Possible reasons:
#   The system is out of physical RAM or swap space
#   The process is running with CompressedOops enabled, and the Java Heap may be blocking the growth of the native heap
# Possible solutions:
#   Reduce memory load on the system
#   Increase physical memory or swap space
#   Check if swap backing store is full
#   Decrease Java heap size (-Xmx/-Xms)
#   Decrease number of Java threads
#   Decrease Java thread stack sizes (-Xss)
#   Set larger code cache with -XX:ReservedCodeCacheSize=
#   JVM is running with Unscaled Compressed Oops mode in which the Java heap is
#     placed in the first 4GB address space. The Java Heap base address is the
#     maximum limit for the native heap growth. Please use -XX:HeapBaseMinAddress
#     to set the Java Heap base and to place the Java Heap above 4GB virtual address.
# This output file may be truncated or incomplete.
#
#  Out of Memory Error (allocation.cpp:389), pid=14224, tid=0x0000000000002b90
#
# JRE version: OpenJDK Runtime Environment (8.0_242-b01) (build 1.8.0_242-release-1644-b01)
# Java VM: OpenJDK 64-Bit Server VM (25.242-b01 mixed mode windows-amd64 compressed oops)
# Failed to write core dump. Minidumps are not enabled by default on client versions of Windows
#

---------------  T H R E A D  ---------------

Current thread (0x00000000157ec000):  JavaThread "C2 CompilerThread2" daemon [_thread_in_native, id=11152, stack(0x00000000162a0000,0x00000000163a0000)]

Stack: [0x00000000162a0000,0x00000000163a0000]
[error occurred during error reporting (printing stack bounds), id 0xc0000005]

Native frames: (J=compiled Java code, j=interpreted, Vv=VM code, C=native code)


Current CompileTask:
C2: 260945 1487       4       com.esotericsoftware.kryo.io.Input::readUtf8 (90 bytes)


---------------  P R O C E S S  ---------------

Java Threads: ( => current thread )
  0x0000000016803000 JavaThread "Forward input" [_thread_blocked, id=7608, stack(0x0000000018780000,0x0000000018880000)]
  0x0000000016802000 JavaThread "DisconnectableInputStream source reader" daemon [_thread_in_native, id=15964, stack(0x0000000018680000,0x0000000018780000)]
  0x0000000017205800 JavaThread "pool-1-thread-1" [_thread_in_native, id=11104, stack(0x0000000016ea0000,0x0000000016fa0000)]
  0x0000000015887800 JavaThread "Service Thread" daemon [_thread_blocked, id=1780, stack(0x00000000164a0000,0x00000000165a0000)]
  0x00000000157f8800 JavaThread "C1 CompilerThread3" daemon [_thread_blocked, id=7304, stack(0x00000000163a0000,0x00000000164a0000)]
=>0x00000000157ec000 JavaThread "C2 CompilerThread2" daemon [_thread_in_native, id=11152, stack(0x00000000162a0000,0x00000000163a0000)]
  0x00000000157e8000 JavaThread "C2 CompilerThread1" daemon [_thread_blocked, id=12628, stack(0x00000000161a0000,0x00000000162a0000)]
  0x00000000157e4800 JavaThread "C2 CompilerThread0" daemon [_thread_blocked, id=19548, stack(0x00000000160a0000,0x00000000161a0000)]
  0x00000000157df800 JavaThread "Attach Listener" daemon [_thread_blocked, id=3316, stack(0x0000000015fa0000,0x00000000160a0000)]
  0x00000000157de000 JavaThread "Signal Dispatcher" daemon [_thread_blocked, id=14768, stack(0x0000000015ea0000,0x0000000015fa0000)]
  0x000000000305e000 JavaThread "Finalizer" daemon [_thread_blocked, id=8148, stack(0x0000000015cb0000,0x0000000015db0000)]
  0x0000000003057000 JavaThread "Reference Handler" daemon [_thread_blocked, id=15408, stack(0x0000000015bb0000,0x0000000015cb0000)]
  0x000000000330e800 JavaThread "main" [_thread_blocked, id=19908, stack(0x00000000016b0000,0x00000000017b0000)]

Other Threads:
  0x00000000139b6800 VMThread [stack: 0x00000000156b0000,0x00000000157b0000] [id=10004]
  0x000000001582a800 WatcherThread [stack: 0x00000000165a0000,0x00000000166a0000] [id=18392]

VM state:not at safepoint (normal execution)

VM Mutex/Monitor currently owned by a thread: None

heap address: 0x00000000fc000000, size: 64 MB, Compressed Oops mode: 32-bit
Narrow klass base: 0x0000000000000000, Narrow klass shift: 3
Compressed class space size: 1073741824 Address: 0x0000000100000000

Heap:
 PSYoungGen      total 18944K, used 12539K [0x00000000feb00000, 0x0000000100000000, 0x0000000100000000)
  eden space 16384K, 61% used [0x00000000feb00000,0x00000000ff4c2fc8,0x00000000ffb00000)
  from space 2560K, 99% used [0x00000000ffb00000,0x00000000ffd7c030,0x00000000ffd80000)
  to   space 2560K, 0% used [0x00000000ffd80000,0x00000000ffd80000,0x0000000100000000)
 ParOldGen       total 44032K, used 3293K [0x00000000fc000000, 0x00000000feb00000, 0x00000000feb00000)
  object space 44032K, 7% used [0x00000000fc000000,0x00000000fc3377f8,0x00000000feb00000)
 Metaspace       used 12104K, capacity 12424K, committed 12800K, reserved 1060864K
  class space    used 1572K, capacity 1691K, committed 1792K, reserved 1048576K

Card table byte_map: [0x0000000003060000,0x0000000003090000] byte_map_base: 0x0000000002880000

Marking Bits: (ParMarkBitMap*) 0x000000006efff030
 Begin Bits: [0x0000000012dd0000, 0x0000000012ed0000)
 End Bits:   [0x0000000012ed0000, 0x0000000012fd0000)

Polling page: 0x0000000001130000

CodeCache: size=245760Kb used=4893Kb max_used=4906Kb free=240866Kb
 bounds [0x0000000003310000, 0x00000000037e0000, 0x0000000012310000]
 total_blobs=1867 nmethods=1493 adapters=287
 compilation: enabled

Compilation events (10 events):
Event: 251.551 Thread 0x00000000157e8000 nmethod 1480 0x00000000037d37d0 code [0x00000000037d39c0, 0x00000000037d44e8]
Event: 251.565 Thread 0x00000000157e4800 nmethod 1481% 0x00000000037d5350 code [0x00000000037d54e0, 0x00000000037d5e98]
Event: 256.785 Thread 0x00000000157ec000 1482       4       java.util.AbstractList$Itr::<init> (6 bytes)
Event: 256.787 Thread 0x00000000157ec000 nmethod 1482 0x00000000037d08d0 code [0x00000000037d0a00, 0x00000000037d0a98]
Event: 260.626 Thread 0x00000000157f8800 1483       3       org.gradle.internal.io.BufferCaster::cast (2 bytes)
Event: 260.626 Thread 0x00000000157f8800 nmethod 1483 0x00000000037d05d0 code [0x00000000037d0720, 0x00000000037d0850]
Event: 260.626 Thread 0x00000000157f8800 1484   !   3       sun.nio.ch.SelectorImpl::processDeregisterQueue (101 bytes)
Event: 260.627 Thread 0x00000000157ec000 1487       4       com.esotericsoftware.kryo.io.Input::readUtf8 (90 bytes)
Event: 260.628 Thread 0x00000000157f8800 nmethod 1484 0x00000000037d2490 code [0x00000000037d26a0, 0x00000000037d3238]
Event: 260.628 Thread 0x00000000157f8800 1485       3       java.nio.channels.spi.AbstractSelector::isOpen (8 bytes)

GC Heap History (6 events):
Event: 2.313 GC heap before
{Heap before GC invocations=1 (full 0):
 PSYoungGen      total 18944K, used 16384K [0x00000000feb00000, 0x0000000100000000, 0x0000000100000000)
  eden space 16384K, 100% used [0x00000000feb00000,0x00000000ffb00000,0x00000000ffb00000)
  from space 2560K, 0% used [0x00000000ffd80000,0x00000000ffd80000,0x0000000100000000)
  to   space 2560K, 0% used [0x00000000ffb00000,0x00000000ffb00000,0x00000000ffd80000)
 ParOldGen       total 44032K, used 0K [0x00000000fc000000, 0x00000000feb00000, 0x00000000feb00000)
  object space 44032K, 0% used [0x00000000fc000000,0x00000000fc000000,0x00000000feb00000)
 Metaspace       used 5570K, capacity 5790K, committed 5888K, reserved 1056768K
  class space    used 629K, capacity 717K, committed 768K, reserved 1048576K
Event: 2.326 GC heap after
Heap after GC invocations=1 (full 0):
 PSYoungGen      total 18944K, used 2212K [0x00000000feb00000, 0x0000000100000000, 0x0000000100000000)
  eden space 16384K, 0% used [0x00000000feb00000,0x00000000feb00000,0x00000000ffb00000)
  from space 2560K, 86% used [0x00000000ffb00000,0x00000000ffd290b8,0x00000000ffd80000)
  to   space 2560K, 0% used [0x00000000ffd80000,0x00000000ffd80000,0x0000000100000000)
 ParOldGen       total 44032K, used 16K [0x00000000fc000000, 0x00000000feb00000, 0x00000000feb00000)
  object space 44032K, 0% used [0x00000000fc000000,0x00000000fc004000,0x00000000feb00000)
 Metaspace       used 5570K, capacity 5790K, committed 5888K, reserved 1056768K
  class space    used 629K, capacity 717K, committed 768K, reserved 1048576K
}
Event: 3.171 GC heap before
{Heap before GC invocations=2 (full 0):
 PSYoungGen      total 18944K, used 18596K [0x00000000feb00000, 0x0000000100000000, 0x0000000100000000)
  eden space 16384K, 100% used [0x00000000feb00000,0x00000000ffb00000,0x00000000ffb00000)
  from space 2560K, 86% used [0x00000000ffb00000,0x00000000ffd290b8,0x00000000ffd80000)
  to   space 2560K, 0% used [0x00000000ffd80000,0x00000000ffd80000,0x0000000100000000)
 ParOldGen       total 44032K, used 16K [0x00000000fc000000, 0x00000000feb00000, 0x00000000feb00000)
  object space 44032K, 0% used [0x00000000fc000000,0x00000000fc004000,0x00000000feb00000)
 Metaspace       used 8408K, capacity 8714K, committed 8960K, reserved 1056768K
  class space    used 1064K, capacity 1184K, committed 1280K, reserved 1048576K
Event: 3.178 GC heap after
Heap after GC invocations=2 (full 0):
 PSYoungGen      total 18944K, used 2554K [0x00000000feb00000, 0x0000000100000000, 0x0000000100000000)
  eden space 16384K, 0% used [0x00000000feb00000,0x00000000feb00000,0x00000000ffb00000)
  from space 2560K, 99% used [0x00000000ffd80000,0x00000000ffffe970,0x0000000100000000)
  to   space 2560K, 0% used [0x00000000ffb00000,0x00000000ffb00000,0x00000000ffd80000)
 ParOldGen       total 44032K, used 1472K [0x00000000fc000000, 0x00000000feb00000, 0x00000000feb00000)
  object space 44032K, 3% used [0x00000000fc000000,0x00000000fc170170,0x00000000feb00000)
 Metaspace       used 8408K, capacity 8714K, committed 8960K, reserved 1056768K
  class space    used 1064K, capacity 1184K, committed 1280K, reserved 1048576K
}
Event: 3.773 GC heap before
{Heap before GC invocations=3 (full 0):
 PSYoungGen      total 18944K, used 18938K [0x00000000feb00000, 0x0000000100000000, 0x0000000100000000)
  eden space 16384K, 100% used [0x00000000feb00000,0x00000000ffb00000,0x00000000ffb00000)
  from space 2560K, 99% used [0x00000000ffd80000,0x00000000ffffe970,0x0000000100000000)
  to   space 2560K, 0% used [0x00000000ffb00000,0x00000000ffb00000,0x00000000ffd80000)
 ParOldGen       total 44032K, used 1472K [0x00000000fc000000, 0x00000000feb00000, 0x00000000feb00000)
  object space 44032K, 3% used [0x00000000fc000000,0x00000000fc170170,0x00000000feb00000)
 Metaspace       used 10580K, capacity 10902K, committed 11008K, reserved 1058816K
  class space    used 1398K, capacity 1524K, committed 1536K, reserved 1048576K
Event: 3.777 GC heap after
Heap after GC invocations=3 (full 0):
 PSYoungGen      total 18944K, used 2544K [0x00000000feb00000, 0x0000000100000000, 0x0000000100000000)
  eden space 16384K, 0% used [0x00000000feb00000,0x00000000feb00000,0x00000000ffb00000)
  from space 2560K, 99% used [0x00000000ffb00000,0x00000000ffd7c030,0x00000000ffd80000)
  to   space 2560K, 0% used [0x00000000ffd80000,0x00000000ffd80000,0x0000000100000000)
 ParOldGen       total 44032K, used 3293K [0x00000000fc000000, 0x00000000feb00000, 0x00000000feb00000)
  object space 44032K, 7% used [0x00000000fc000000,0x00000000fc3377f8,0x00000000feb00000)
 Metaspace       used 10580K, capacity 10902K, committed 11008K, reserved 1058816K
  class space    used 1398K, capacity 1524K, committed 1536K, reserved 1048576K
}

Deoptimization events (10 events):
Event: 2.726 Thread 0x000000000330e800 Uncommon trap: reason=class_check action=maybe_recompile pc=0x00000000034f62b4 method=java.util.regex.Matcher.match(II)Z @ 86
Event: 2.730 Thread 0x000000000330e800 Uncommon trap: reason=unstable_if action=reinterpret pc=0x00000000035b18ec method=java.util.HashMap.hash(Ljava/lang/Object;)I @ 1
Event: 2.987 Thread 0x000000000330e800 Uncommon trap: reason=unstable_if action=reinterpret pc=0x00000000034f83ec method=java.lang.String.toLowerCase(Ljava/util/Locale;)Ljava/lang/String; @ 129
Event: 3.094 Thread 0x000000000330e800 Uncommon trap: reason=class_check action=maybe_recompile pc=0x0000000003621658 method=java.io.DataInputStream.readChar()C @ 4
Event: 3.094 Thread 0x000000000330e800 Uncommon trap: reason=class_check action=maybe_recompile pc=0x0000000003621658 method=java.io.DataInputStream.readChar()C @ 4
Event: 3.094 Thread 0x000000000330e800 Uncommon trap: reason=class_check action=maybe_recompile pc=0x0000000003621658 method=java.io.DataInputStream.readChar()C @ 4
Event: 3.094 Thread 0x000000000330e800 Uncommon trap: reason=class_check action=maybe_recompile pc=0x0000000003621658 method=java.io.DataInputStream.readChar()C @ 4
Event: 3.105 Thread 0x000000000330e800 Uncommon trap: reason=unstable_if action=reinterpret pc=0x0000000003514b24 method=java.io.WinNTFileSystem.resolve(Ljava/lang/String;Ljava/lang/String;)Ljava/lang/String; @ 36
Event: 3.468 Thread 0x000000000330e800 Uncommon trap: reason=unstable_if action=reinterpret pc=0x00000000036361b4 method=java.util.HashMap.getNode(ILjava/lang/Object;)Ljava/util/HashMap$Node; @ 129
Event: 3.468 Thread 0x000000000330e800 Uncommon trap: reason=bimorphic action=maybe_recompile pc=0x00000000035c3ff0 method=java.util.HashMap.putVal(ILjava/lang/Object;Ljava/lang/Object;ZZ)Ljava/lang/Object; @ 203

Classes redefined (0 events):
No events

Internal exceptions (10 events):
Event: 3.377 Thread 0x000000000330e800 Exception <a 'java/lang/ArrayIndexOutOfBoundsException'> (0x00000000ff415cb0) thrown at [C:\src\AOSP-openjdk-git\hotspot\src\share\vm\runtime\sharedRuntime.cpp, line 605]
Event: 3.377 Thread 0x000000000330e800 Exception <a 'java/lang/ArrayIndexOutOfBoundsException'> (0x00000000ff41a138) thrown at [C:\src\AOSP-openjdk-git\hotspot\src\share\vm\runtime\sharedRuntime.cpp, line 605]
Event: 3.384 Thread 0x000000000330e800 Exception <a 'java/lang/ArrayIndexOutOfBoundsException'> (0x00000000ff4880a0) thrown at [C:\src\AOSP-openjdk-git\hotspot\src\share\vm\runtime\sharedRuntime.cpp, line 605]
Event: 3.384 Thread 0x000000000330e800 Exception <a 'java/lang/ArrayIndexOutOfBoundsException'> (0x00000000ff4892f0) thrown at [C:\src\AOSP-openjdk-git\hotspot\src\share\vm\runtime\sharedRuntime.cpp, line 605]
Event: 3.384 Thread 0x000000000330e800 Exception <a 'java/lang/ArrayIndexOutOfBoundsException'> (0x00000000ff48ac38) thrown at [C:\src\AOSP-openjdk-git\hotspot\src\share\vm\runtime\sharedRuntime.cpp, line 605]
Event: 3.385 Thread 0x000000000330e800 Exception <a 'java/lang/ArrayIndexOutOfBoundsException'> (0x00000000ff48e410) thrown at [C:\src\AOSP-openjdk-git\hotspot\src\share\vm\runtime\sharedRuntime.cpp, line 605]
Event: 3.385 Thread 0x000000000330e800 Exception <a 'java/lang/ArrayIndexOutOfBoundsException'> (0x00000000ff4908f8) thrown at [C:\src\AOSP-openjdk-git\hotspot\src\share\vm\runtime\sharedRuntime.cpp, line 605]
Event: 3.385 Thread 0x000000000330e800 Exception <a 'java/lang/ArrayIndexOutOfBoundsException'> (0x00000000ff491b60) thrown at [C:\src\AOSP-openjdk-git\hotspot\src\share\vm\runtime\sharedRuntime.cpp, line 605]
Event: 3.385 Thread 0x000000000330e800 Exception <a 'java/lang/ArrayIndexOutOfBoundsException'> (0x00000000ff4942e8) thrown at [C:\src\AOSP-openjdk-git\hotspot\src\share\vm\runtime\sharedRuntime.cpp, line 605]
Event: 3.412 Thread 0x000000000330e800 Exception <a 'java/lang/NoSuchMethodError': java.lang.Object.lambda$get$0(Ljava/util/function/Supplier;Ljava/lang/Object;)Ljava/lang/Object;> (0x00000000ff581250) thrown at [C:\src\AOSP-openjdk-git\hotspot\src\share\vm\interpreter\linkResolver.cpp, line 6

Events (10 events):
Event: 83.887 loading class org/gradle/internal/serialize/ExceptionReplacingObjectInputStream$1
Event: 83.887 loading class org/gradle/internal/serialize/ExceptionReplacingObjectInputStream$1 done
Event: 189.951 Thread 0x00000000157f8800 flushing nmethod 0x000000000341ab10
Event: 189.952 Thread 0x00000000157f8800 flushing nmethod 0x000000000341ce90
Event: 189.952 Thread 0x00000000157f8800 flushing nmethod 0x000000000341df90
Event: 189.952 Thread 0x00000000157f8800 flushing nmethod 0x000000000341e610
Event: 251.389 Thread 0x0000000017205800 DEOPT PACKING pc=0x0000000003618b88 sp=0x0000000016f9e2d0
Event: 251.397 Thread 0x0000000017205800 DEOPT UNPACKING pc=0x00000000033575d0 sp=0x0000000016f9e048 mode 0
Event: 256.416 loading class java/util/AbstractList$1
Event: 256.785 loading class java/util/AbstractList$1 done


Dynamic libraries:
0x00007ff6c76a0000 - 0x00007ff6c76d1000 	D:\Program Files\Android\Android Studio\jre\bin\java.exe
0x00007ffc48a70000 - 0x00007ffc48c65000 	C:\WINDOWS\SYSTEM32\ntdll.dll
0x00007ffc48300000 - 0x00007ffc483be000 	C:\WINDOWS\System32\KERNEL32.DLL
0x00007ffc46590000 - 0x00007ffc46858000 	C:\WINDOWS\System32\KERNELBASE.dll
0x00007ffc484f0000 - 0x00007ffc4859e000 	C:\WINDOWS\System32\ADVAPI32.dll
0x00007ffc48960000 - 0x00007ffc489fe000 	C:\WINDOWS\System32\msvcrt.dll
0x00007ffc48000000 - 0x00007ffc4809c000 	C:\WINDOWS\System32\sechost.dll
0x00007ffc48830000 - 0x00007ffc48955000 	C:\WINDOWS\System32\RPCRT4.dll
0x00007ffc480a0000 - 0x00007ffc48240000 	C:\WINDOWS\System32\USER32.dll
0x00007ffc46320000 - 0x00007ffc46342000 	C:\WINDOWS\System32\win32u.dll
0x00007ffc48a00000 - 0x00007ffc48a2b000 	C:\WINDOWS\System32\GDI32.dll
0x00007ffc46350000 - 0x00007ffc4645d000 	C:\WINDOWS\System32\gdi32full.dll
0x00007ffc461d0000 - 0x00007ffc4626d000 	C:\WINDOWS\System32\msvcp_win.dll
0x00007ffc46490000 - 0x00007ffc46590000 	C:\WINDOWS\System32\ucrtbase.dll
0x00007ffc363a0000 - 0x00007ffc3663a000 	C:\WINDOWS\WinSxS\amd64_microsoft.windows.common-controls_6595b64144ccf1df_6.0.19041.1110_none_60b5254171f9507e\COMCTL32.dll
0x00007ffc484c0000 - 0x00007ffc484f0000 	C:\WINDOWS\System32\IMM32.DLL
0x000000006f080000 - 0x000000006f152000 	D:\Program Files\Android\Android Studio\jre\jre\bin\msvcr100.dll
0x000000006e830000 - 0x000000006f07b000 	D:\Program Files\Android\Android Studio\jre\jre\bin\server\jvm.dll
0x00007ffc36e80000 - 0x00007ffc36ea7000 	C:\WINDOWS\SYSTEM32\WINMM.dll
0x00007ffc37120000 - 0x00007ffc3712a000 	C:\WINDOWS\SYSTEM32\VERSION.dll
0x00007ffc47e90000 - 0x00007ffc47e98000 	C:\WINDOWS\System32\PSAPI.DLL
0x00007ffc40fc0000 - 0x00007ffc40fc9000 	C:\WINDOWS\SYSTEM32\WSOCK32.dll
0x00007ffc48450000 - 0x00007ffc484bb000 	C:\WINDOWS\System32\ws2_32.DLL
0x00007ffc40f00000 - 0x00007ffc40f0f000 	D:\Program Files\Android\Android Studio\jre\jre\bin\verify.dll
0x00007ffc40ed0000 - 0x00007ffc40ef9000 	D:\Program Files\Android\Android Studio\jre\jre\bin\java.dll
0x00007ffc402e0000 - 0x00007ffc402f6000 	D:\Program Files\Android\Android Studio\jre\jre\bin\zip.dll
0x00007ffc47490000 - 0x00007ffc47bd4000 	C:\WINDOWS\System32\SHELL32.dll
0x00007ffc44270000 - 0x00007ffc44a04000 	C:\WINDOWS\SYSTEM32\windows.storage.dll
0x00007ffc46b20000 - 0x00007ffc46e75000 	C:\WINDOWS\System32\combase.dll
0x00007ffc45bd0000 - 0x00007ffc45bfe000 	C:\WINDOWS\SYSTEM32\Wldp.dll
0x00007ffc47de0000 - 0x00007ffc47e8d000 	C:\WINDOWS\System32\SHCORE.dll
0x00007ffc46ac0000 - 0x00007ffc46b15000 	C:\WINDOWS\System32\shlwapi.dll
0x00007ffc460c0000 - 0x00007ffc460df000 	C:\WINDOWS\SYSTEM32\profapi.dll
0x00007ffc40030000 - 0x00007ffc4004a000 	D:\Program Files\Android\Android Studio\jre\jre\bin\net.dll
0x00007ffc45930000 - 0x00007ffc4599a000 	C:\WINDOWS\system32\mswsock.dll
0x00007ffc3fe60000 - 0x00007ffc3fe73000 	D:\Program Files\Android\Android Studio\jre\jre\bin\nio.dll
0x00007ffc3fd30000 - 0x00007ffc3fd57000 	C:\Users\Lenovo\.gradle\native\e1d6ef7f7dcc3fd88c89a11ec53ec762bb8ba0a96d01ffa2cd45eb1d1d8dd5c5\windows-amd64\native-platform.dll
0x00007ffc40c80000 - 0x00007ffc40c8a000 	C:\Users\Lenovo\.gradle\native\jansi\1.18\windows64\jansi.dll
0x00007ffc40290000 - 0x00007ffc4029d000 	D:\Program Files\Android\Android Studio\jre\jre\bin\management.dll
0x00007ffc45b30000 - 0x00007ffc45b48000 	C:\WINDOWS\SYSTEM32\CRYPTSP.dll
0x00007ffc45240000 - 0x00007ffc45274000 	C:\WINDOWS\system32\rsaenh.dll
0x00007ffc46460000 - 0x00007ffc46487000 	C:\WINDOWS\System32\bcrypt.dll
0x00007ffc46080000 - 0x00007ffc460ae000 	C:\WINDOWS\SYSTEM32\USERENV.dll
0x00007ffc46a30000 - 0x00007ffc46ab2000 	C:\WINDOWS\System32\bcryptprimitives.dll
0x00007ffc45b20000 - 0x00007ffc45b2c000 	C:\WINDOWS\SYSTEM32\CRYPTBASE.dll
0x00007ffc455d0000 - 0x00007ffc4560b000 	C:\WINDOWS\SYSTEM32\IPHLPAPI.DLL
0x00007ffc47360000 - 0x00007ffc47368000 	C:\WINDOWS\System32\NSI.dll
0x00007ffc3e8d0000 - 0x00007ffc3e8e7000 	C:\WINDOWS\SYSTEM32\dhcpcsvc6.DLL
0x00007ffc3f270000 - 0x00007ffc3f28d000 	C:\WINDOWS\SYSTEM32\dhcpcsvc.DLL
0x00007ffc45620000 - 0x00007ffc456eb000 	C:\WINDOWS\SYSTEM32\DNSAPI.dll

VM Arguments:
jvm_args: -Xmx64m -Xms64m -Dorg.gradle.appname=gradlew 
java_command: org.gradle.wrapper.GradleWrapperMain assembleRelease
java_class_path (initial): D:\code\lga-mobile\android\\gradle\wrapper\gradle-wrapper.jar
Launcher Type: SUN_STANDARD

Environment Variables:
JAVA_HOME=D:\Program Files\Android\Android Studio\jre
CLASSPATH=D:\code\lga-mobile\android\\gradle\wrapper\gradle-wrapper.jar
PATH=C:\Program Files (x86)\Common Files\Oracle\Java\javapath;C:\WINDOWS\system32;C:\WINDOWS;C:\WINDOWS\System32\Wbem;C:\WINDOWS\System32\WindowsPowerShell\v1.0\;C:\WINDOWS\System32\OpenSSH\;C:\ProgramData\chocolatey\bin;C:\Program Files\Java\jdk1.8.0_221\bin;C:\Users\Lenovo\AppData\Roaming\npm;C:\Program Files\php7;C:\ProgramData\ComposerSetup\bin;D:\dev\android-sdk;D:\dev\android-sdk\emulator;D:\dev\android-sdk\platform-tools;C:\Dart\dart-sdk\bin;C:\Users\Lenovo\AppData\Roaming\Pub\Cache\bin;C:\Program Files\Git\cmd;C:\Program Files\nodejs\;C:\Users\Lenovo\AppData\Local\Microsoft\WindowsApps;C:\Users\Lenovo\AppData\Roaming\Composer\vendor\bin;D:\dev\flutter\bin;C:\Dart\dart-sdk\bin;C:\Users\Lenovo\AppData\Roaming\Pub\Cache\bin;C:\Users\Lenovo\AppData\Local\Microsoft\WindowsApps;C:\Users\Lenovo\AppData\Roaming\npm;C:\Users\Lenovo\AppData\Local\Programs\Microsoft VS Code\bin;C:\Users\Lenovo\AppData\Local\GitHubDesktop\bin
USERNAME=Lenovo
OS=Windows_NT
PROCESSOR_IDENTIFIER=Intel64 Family 6 Model 58 Stepping 9, GenuineIntel



---------------  S Y S T E M  ---------------

OS: Windows 10.0 , 64 bit Build 19041 (10.0.19041.1503)

CPU:total 8 (initial active 8) (4 cores per cpu, 2 threads per core) family 6 model 58 stepping 9, cmov, cx8, fxsr, mmx, sse, sse2, sse3, ssse3, sse4.1, sse4.2, popcnt, avx, clmul, erms, ht, tsc, tscinvbit, tscinv

Memory: 4k page, physical 6148976k(653284k free), swap 20650676k(563368k free)

vm_info: OpenJDK 64-Bit Server VM (25.242-b01) for windows-amd64 JRE (1.8.0_242-release-1644-b01), built by "builder" with MS VC++ 10.0 (VS2010)

time: Mon Feb 21 19:21:28 2022
timezone: Türkiye Standart Saati
elapsed time: 261 seconds (0d 0h 4m 21s)

